<?xml version="1.0" encoding="UTF-8"?>
<!-- Generated by org.testng.reporters.JUnitXMLReporter -->
<testsuite ignored="2" hostname="DESKTOP-QOIRAG4" failures="0" tests="1" name="Test1" time="9.488" errors="0" timestamp="2020-09-04T19:11:58 EDT">
  <testcase classname="com.craigslist.testcases.TestPrint" name="test" time="5.427"/>
  <testcase classname="com.craigslist.base.TestBase" name="@BeforeSuite setUp" time="0.0">
    <ignored/>
  </testcase> <!-- @BeforeSuite setUp -->
  <testcase classname="com.craigslist.base.TestBase" name="@AfterSuite tearDown" time="0.0">
    <ignored/>
  </testcase> <!-- @AfterSuite tearDown -->
</testsuite> <!-- Test1 -->
