<?xml version="1.0" encoding="UTF-8"?>
<!-- Generated by org.testng.reporters.JUnitXMLReporter -->
<testsuite ignored="2" hostname="DESKTOP-QOIRAG4" failures="0" tests="1" name="Test3" time="27.184" errors="0" timestamp="2020-09-04T19:13:33 EDT">
  <testcase classname="com.craigslist.testcases.Jewelry" name="JewelryTiffany" time="22.144"/>
  <testcase classname="com.craigslist.base.TestBase" name="@BeforeSuite setUp" time="0.0">
    <ignored/>
  </testcase> <!-- @BeforeSuite setUp -->
  <testcase classname="com.craigslist.base.TestBase" name="@AfterSuite tearDown" time="0.0">
    <ignored/>
  </testcase> <!-- @AfterSuite tearDown -->
</testsuite> <!-- Test3 -->
