<?xml version="1.0" encoding="UTF-8"?>
<testng-results ignored="0" total="1" passed="1" failed="0" skipped="0">
  <reporter-output>
  </reporter-output>
  <suite started-at="2020-09-04T20:39:57 EDT" name="Default suite" finished-at="2020-09-04T20:40:16 EDT" duration-ms="19307">
    <groups>
    </groups>
    <test started-at="2020-09-04T20:39:57 EDT" name="Default test" finished-at="2020-09-04T20:40:16 EDT" duration-ms="19307">
      <class name="com.craigslist.testcases.LongIsland">
        <test-method is-config="true" signature="setUp()[pri:0, instance:com.craigslist.testcases.LongIsland@1c93f6e1]" started-at="2020-09-04T20:39:50 EDT" name="setUp" finished-at="2020-09-04T20:39:57 EDT" duration-ms="7213" status="PASS">
          <reporter-output>
          </reporter-output>
        </test-method> <!-- setUp -->
        <test-method signature="longIslandBeachHouse()[pri:0, instance:com.craigslist.testcases.LongIsland@1c93f6e1]" started-at="2020-09-04T20:39:57 EDT" name="longIslandBeachHouse" finished-at="2020-09-04T20:40:16 EDT" duration-ms="19273" status="PASS">
          <reporter-output>
          </reporter-output>
        </test-method> <!-- longIslandBeachHouse -->
        <test-method is-config="true" signature="tearDown()[pri:0, instance:com.craigslist.testcases.LongIsland@1c93f6e1]" started-at="2020-09-04T20:40:16 EDT" name="tearDown" finished-at="2020-09-04T20:40:17 EDT" duration-ms="787" status="PASS">
          <reporter-output>
          </reporter-output>
        </test-method> <!-- tearDown -->
      </class> <!-- com.craigslist.testcases.LongIsland -->
    </test> <!-- Default test -->
  </suite> <!-- Default suite -->
</testng-results>
